[debug] [2020-06-04T21:36:41.033Z] ----------------------------------------------------------------------
[debug] [2020-06-04T21:36:41.035Z] Command:       D:\JavaScript\node.exe C:\Users\jackc\AppData\Roaming\npm\node_modules\firebase-tools\lib\bin\firebase.js deploy
[debug] [2020-06-04T21:36:41.035Z] CLI Version:   8.4.1
[debug] [2020-06-04T21:36:41.036Z] Platform:      win32
[debug] [2020-06-04T21:36:41.036Z] Node Version:  v10.16.3
[debug] [2020-06-04T21:36:41.037Z] Time:          Thu Jun 04 2020 17:36:41 GMT-0400 (Eastern Daylight Time)
[debug] [2020-06-04T21:36:41.037Z] ----------------------------------------------------------------------
[debug] [2020-06-04T21:36:41.037Z] 
[debug] [2020-06-04T21:36:41.048Z] > command requires scopes: ["email","openid","https://www.googleapis.com/auth/cloudplatformprojects.readonly","https://www.googleapis.com/auth/firebase","https://www.googleapis.com/auth/cloud-platform"]
[debug] [2020-06-04T21:36:41.048Z] > authorizing via signed-in user
[debug] [2020-06-04T21:36:41.049Z] [iam] checking project reshoes-app for permissions ["firebase.projects.get","firebasedatabase.instances.update","firebasehosting.sites.update"]
[debug] [2020-06-04T21:36:41.050Z] > refreshing access token with scopes: ["email","https://www.googleapis.com/auth/cloud-platform","https://www.googleapis.com/auth/cloudplatformprojects.readonly","https://www.googleapis.com/auth/firebase","openid"]
[debug] [2020-06-04T21:36:41.051Z] >>> HTTP REQUEST POST https://www.googleapis.com/oauth2/v3/token  
 <request body omitted>
[debug] [2020-06-04T21:36:41.327Z] <<< HTTP RESPONSE 200 {"content-type":"application/json; charset=utf-8","vary":"X-Origin, Referer, Origin,Accept-Encoding","date":"Thu, 04 Jun 2020 21:36:43 GMT","server":"scaffolding on HTTPServer2","cache-control":"private","x-xss-protection":"0","x-frame-options":"SAMEORIGIN","x-content-type-options":"nosniff","alt-svc":"h3-27=\":443\"; ma=2592000,h3-25=\":443\"; ma=2592000,h3-T050=\":443\"; ma=2592000,h3-Q050=\":443\"; ma=2592000,h3-Q049=\":443\"; ma=2592000,h3-Q048=\":443\"; ma=2592000,h3-Q046=\":443\"; ma=2592000,h3-Q043=\":443\"; ma=2592000,quic=\":443\"; ma=2592000; v=\"46,43\"","accept-ranges":"none","transfer-encoding":"chunked"}
[debug] [2020-06-04T21:36:41.331Z] >>> HTTP REQUEST POST https://cloudresourcemanager.googleapis.com/v1/projects/reshoes-app:testIamPermissions  
 {"permissions":["firebase.projects.get","firebasedatabase.instances.update","firebasehosting.sites.update"]}
[debug] [2020-06-04T21:36:41.485Z] <<< HTTP RESPONSE 200 {"content-type":"application/json; charset=UTF-8","vary":"X-Origin, Referer, Origin,Accept-Encoding","date":"Thu, 04 Jun 2020 21:36:43 GMT","server":"ESF","cache-control":"private","x-xss-protection":"0","x-frame-options":"SAMEORIGIN","x-content-type-options":"nosniff","server-timing":"gfet4t7; dur=49","alt-svc":"h3-27=\":443\"; ma=2592000,h3-25=\":443\"; ma=2592000,h3-T050=\":443\"; ma=2592000,h3-Q050=\":443\"; ma=2592000,h3-Q049=\":443\"; ma=2592000,h3-Q048=\":443\"; ma=2592000,h3-Q046=\":443\"; ma=2592000,h3-Q043=\":443\"; ma=2592000,quic=\":443\"; ma=2592000; v=\"46,43\"","accept-ranges":"none","transfer-encoding":"chunked"}
[debug] [2020-06-04T21:36:41.486Z] >>> HTTP REQUEST GET https://firebase.googleapis.com/v1beta1/projects/reshoes-app  
 
[debug] [2020-06-04T21:36:41.771Z] <<< HTTP RESPONSE 200 {"content-type":"application/json; charset=UTF-8","vary":"X-Origin, Referer, Origin,Accept-Encoding","date":"Thu, 04 Jun 2020 21:36:44 GMT","server":"ESF","cache-control":"private","x-xss-protection":"0","x-frame-options":"SAMEORIGIN","x-content-type-options":"nosniff","alt-svc":"h3-27=\":443\"; ma=2592000,h3-25=\":443\"; ma=2592000,h3-T050=\":443\"; ma=2592000,h3-Q050=\":443\"; ma=2592000,h3-Q049=\":443\"; ma=2592000,h3-Q048=\":443\"; ma=2592000,h3-Q046=\":443\"; ma=2592000,h3-Q043=\":443\"; ma=2592000,quic=\":443\"; ma=2592000; v=\"46,43\"","accept-ranges":"none","transfer-encoding":"chunked"}
[info] 
[info] === Deploying to 'reshoes-app'...
[info] 
[info] i  deploying database, hosting 
[info] i  database: checking rules syntax... 
[debug] [2020-06-04T21:36:41.786Z] >>> HTTP REQUEST PUT https://reshoes-app.firebaseio.com/.settings/rules.json?dryRun=true  
 {
  "rules": {
    ".read": true,
    ".write": true
  }
}

[debug] [2020-06-04T21:36:42.053Z] <<< HTTP RESPONSE 200 {"server":"nginx","date":"Thu, 04 Jun 2020 21:36:44 GMT","content-type":"application/json; charset=utf-8","content-length":"15","connection":"keep-alive","access-control-allow-origin":"*","cache-control":"no-cache","strict-transport-security":"max-age=31556926; includeSubDomains; preload"}
[info] +  database: rules syntax for database reshoes-app is valid 
[debug] [2020-06-04T21:36:42.055Z] >>> HTTP REQUEST POST https://firebasehosting.googleapis.com/v1beta1/sites/reshoes-app/versions  
 {"config":{"rewrites":[{"glob":"**","path":"/index.html"}]},"labels":{"deployment-tool":"cli-firebase"}}
[debug] [2020-06-04T21:36:43.456Z] <<< HTTP RESPONSE 200 {"content-type":"application/json; charset=UTF-8","vary":"X-Origin, Referer, Origin,Accept-Encoding","date":"Thu, 04 Jun 2020 21:36:45 GMT","server":"ESF","cache-control":"private","x-xss-protection":"0","x-frame-options":"SAMEORIGIN","x-content-type-options":"nosniff","alt-svc":"h3-27=\":443\"; ma=2592000,h3-25=\":443\"; ma=2592000,h3-T050=\":443\"; ma=2592000,h3-Q050=\":443\"; ma=2592000,h3-Q049=\":443\"; ma=2592000,h3-Q048=\":443\"; ma=2592000,h3-Q046=\":443\"; ma=2592000,h3-Q043=\":443\"; ma=2592000,quic=\":443\"; ma=2592000; v=\"46,43\"","accept-ranges":"none","transfer-encoding":"chunked"}
[info] i  hosting[reshoes-app]: beginning deploy... 
[info] i  hosting[reshoes-app]: found 25 files in build 
[debug] [2020-06-04T21:36:44.086Z] [hosting] hash cache [YnVpbGQ] stored for 25 files
[debug] [2020-06-04T21:36:44.086Z] [hosting][hash queue][FINAL] {"max":603,"min":4,"avg":46.44,"active":0,"complete":25,"success":25,"errored":0,"retried":0,"total":25,"elapsed":611}
[debug] [2020-06-04T21:36:44.086Z] >>> HTTP REQUEST POST https://firebasehosting.googleapis.com/v1beta1/sites/reshoes-app/versions/b5c870e736688cca:populateFiles  
 <request body omitted>
[debug] [2020-06-04T21:36:44.666Z] <<< HTTP RESPONSE 200 {"content-type":"application/json; charset=UTF-8","vary":"X-Origin, Referer, Origin,Accept-Encoding","date":"Thu, 04 Jun 2020 21:36:47 GMT","server":"ESF","cache-control":"private","x-xss-protection":"0","x-frame-options":"SAMEORIGIN","x-content-type-options":"nosniff","alt-svc":"h3-27=\":443\"; ma=2592000,h3-25=\":443\"; ma=2592000,h3-T050=\":443\"; ma=2592000,h3-Q050=\":443\"; ma=2592000,h3-Q049=\":443\"; ma=2592000,h3-Q048=\":443\"; ma=2592000,h3-Q046=\":443\"; ma=2592000,h3-Q043=\":443\"; ma=2592000,quic=\":443\"; ma=2592000; v=\"46,43\"","accept-ranges":"none","transfer-encoding":"chunked"}
[debug] [2020-06-04T21:36:44.670Z] [hosting][populate queue][FINAL] {"max":581,"min":581,"avg":581,"active":0,"complete":1,"success":1,"errored":0,"retried":0,"total":1,"elapsed":586}
[debug] [2020-06-04T21:36:44.670Z] [hosting] uploads queued: 8
